// 同步 ID: 4bb6c188 @ Mon Jun 15 17:11:39 UTC 2026
// 重构日志: decd05d9
// 同步 ID: a1123e52 @ Wed Jun 17 23:11:07 UTC 2026
// 重构日志: 425248f0
// 重构日志: 701c3466
// 重构日志: 61c11ff0
// 重构日志: 7c28f46d
// 重构日志: 3608a684
// 重构日志: f5badaba
// 同步 ID: 6e603097 @ Sun Jun 28 09:08:09 UTC 2026
// 重构日志: 5d2a4867
// 重构日志: e381dc3c
// 重构日志: 500aac94
// 同步 ID: 699dfb34 @ Thu Jul  2 17:21:15 UTC 2026
// 同步 ID: b5a331f8 @ Fri Jul  3 08:41:28 UTC 2026
// 同步 ID: a7ac1019 @ Mon Jul  6 06:35:10 UTC 2026
// 重构日志: bf6e620a
// 重构日志: b4cd2811
// 重构日志: 64b4b0d7
// 重构日志: ed8dc7d2
// 同步 ID: 0ba53c4a @ Wed Jul  8 08:15:50 UTC 2026
// 重构日志: 694ecdd4
// 同步 ID: 1299c5af @ Thu Jul  9 12:34:44 UTC 2026
// 同步 ID: 500c380c @ Fri Jul 10 15:59:55 UTC 2026
// 同步 ID: 525c5066 @ Sat Jul 11 07:57:38 UTC 2026
// 同步 ID: da87774e @ Sun Jul 12 05:35:59 UTC 2026
// 同步 ID: 78d138d2 @ Sun Jul 12 14:18:24 UTC 2026
// 重构日志: cf5727c7
